\BOOKMARK [1][-]{section.1}{Introduction}{}% 1
\BOOKMARK [1][-]{section.2}{Background and Related Work}{}% 2
\BOOKMARK [2][-]{subsection.2.1}{VM overheads}{section.2}% 3
\BOOKMARK [2][-]{subsection.2.2}{Performance regression detection}{section.2}% 4
\BOOKMARK [1][-]{section.3}{A Motivating Example}{}% 5
\BOOKMARK [1][-]{section.4}{Approach}{}% 6
\BOOKMARK [2][-]{subsection.4.1}{System Setup}{section.4}% 7
\BOOKMARK [2][-]{subsection.4.2}{Data Transformation}{section.4}% 8
\BOOKMARK [2][-]{subsection.4.3}{Data Cleansing and Data Analysis}{section.4}% 9
\BOOKMARK [1][-]{section.5}{Case Study Results}{}% 10
\BOOKMARK [2][-]{subsection.5.1}{Do performance metrics from physical and virtual environments belong to the same population?}{section.5}% 11
\BOOKMARK [2][-]{subsection.5.2}{Is the correlation value between load and performance metrics same cross-environments?}{section.5}% 12
\BOOKMARK [2][-]{subsection.5.3}{Do performance metrics from different environments impact performance modeling?}{section.5}% 13
\BOOKMARK [1][-]{section.6}{Discussion}{}% 14
\BOOKMARK [2][-]{subsection.6.1}{Repeatability}{section.6}% 15
\BOOKMARK [2][-]{subsection.6.2}{Resource Allocation}{section.6}% 16
\BOOKMARK [2][-]{subsection.6.3}{Type of Virtual Environment}{section.6}% 17
\BOOKMARK [1][-]{section.7}{Threats to validity}{}% 18
\BOOKMARK [2][-]{subsection.7.1}{External validity}{section.7}% 19
\BOOKMARK [2][-]{subsection.7.2}{Internal Validity}{section.7}% 20
\BOOKMARK [1][-]{section.8}{Conclusion and Future work}{}% 21
